# JRE version: OpenJDK Runtime Environment Microsoft-11926163 (17.0.16+8) (build 17.0.16+8-LTS)
# Java VM: OpenJDK 64-Bit Server VM Microsoft-11926163 (17.0.16+8-LTS, mixed mode, sharing, tiered, compressed oops, compressed class ptrs, g1 gc, windows-amd64)
GC Precious Log:
 CPUs: 12 total, 12 available
 Memory: 7379M
 Large Page Support: Disabled
 NUMA Support: Disabled
 Compressed Oops: Enabled (32-bit)
 Heap Region Size: 1M
 Heap Min Capacity: 8M
 Heap Initial Capacity: 116M
 Heap Max Capacity: 1846M
 Pre-touch: Disabled
 Parallel Workers: 10
 Concurrent Workers: 3
 Concurrent Refinement Workers: 10
 Periodic GC: Disabled
Heap:
 garbage-first heap   total 215040K, used 114947K [0x000000008ca00000, 0x0000000100000000)
  region size 1024K, 5 young (5120K), 5 survivors (5120K)
 Metaspace       used 83068K, committed 83648K, reserved 1179648K
  class space    used 11366K, committed 11648K, reserved 1048576K
GC Heap History (20 events):
Event: 10.048 GC heap after
{Heap after GC invocations=27 (full 0):
 garbage-first heap   total 133120K, used 49920K [0x000000008ca00000, 0x0000000100000000)
  region size 1024K, 1 young (1024K), 1 survivors (1024K)
 Metaspace       used 72734K, committed 73344K, reserved 1114112K
  class space    used 9706K, committed 9984K, reserved 1048576K
}
Event: 10.870 GC heap before
{Heap before GC invocations=27 (full 0):
 garbage-first heap   total 133120K, used 103168K [0x000000008ca00000, 0x0000000100000000)
  region size 1024K, 53 young (54272K), 1 survivors (1024K)
 Metaspace       used 79845K, committed 80448K, reserved 1179648K
  class space    used 10931K, committed 11200K, reserved 1048576K
}
Event: 10.874 GC heap after
{Heap after GC invocations=28 (full 0):
 garbage-first heap   total 133120K, used 55402K [0x000000008ca00000, 0x0000000100000000)
  region size 1024K, 7 young (7168K), 7 survivors (7168K)
 Metaspace       used 79845K, committed 80448K, reserved 1179648K
  class space    used 10931K, committed 11200K, reserved 1048576K
}
Event: 11.205 GC heap before
{Heap before GC invocations=28 (full 0):
 garbage-first heap   total 133120K, used 102506K [0x000000008ca00000, 0x0000000100000000)
  region size 1024K, 53 young (54272K), 7 survivors (7168K)
 Metaspace       used 82223K, committed 82880K, reserved 1179648K
  class space    used 11274K, committed 11584K, reserved 1048576K
}
Event: 11.208 GC heap after
{Heap after GC invocations=29 (full 0):
 garbage-first heap   total 133120K, used 56266K [0x000000008ca00000, 0x0000000100000000)
  region size 1024K, 3 young (3072K), 3 survivors (3072K)
 Metaspace       used 82223K, committed 82880K, reserved 1179648K
  class space    used 11274K, committed 11584K, reserved 1048576K
}
Event: 11.454 GC heap before
{Heap before GC invocations=29 (full 0):
 garbage-first heap   total 133120K, used 105418K [0x000000008ca00000, 0x0000000100000000)
  region size 1024K, 51 young (52224K), 3 survivors (3072K)
 Metaspace       used 82232K, committed 82880K, reserved 1179648K
  class space    used 11274K, committed 11584K, reserved 1048576K
}
Event: 11.457 GC heap after
{Heap after GC invocations=30 (full 0):
 garbage-first heap   total 133120K, used 56637K [0x000000008ca00000, 0x0000000100000000)
  region size 1024K, 3 young (3072K), 3 survivors (3072K)
 Metaspace       used 82232K, committed 82880K, reserved 1179648K
  class space    used 11274K, committed 11584K, reserved 1048576K
}
Event: 11.581 GC heap before
{Heap before GC invocations=30 (full 0):
 garbage-first heap   total 133120K, used 106813K [0x000000008ca00000, 0x0000000100000000)
  region size 1024K, 52 young (53248K), 3 survivors (3072K)
 Metaspace       used 82241K, committed 82880K, reserved 1179648K
  class space    used 11274K, committed 11584K, reserved 1048576K
}
Event: 11.585 GC heap after
{Heap after GC invocations=31 (full 0):
 garbage-first heap   total 133120K, used 60002K [0x000000008ca00000, 0x0000000100000000)
  region size 1024K, 7 young (7168K), 7 survivors (7168K)
 Metaspace       used 82241K, committed 82880K, reserved 1179648K
  class space    used 11274K, committed 11584K, reserved 1048576K
}
Event: 11.799 GC heap before
{Heap before GC invocations=31 (full 0):
 garbage-first heap   total 133120K, used 106082K [0x000000008ca00000, 0x0000000100000000)
  region size 1024K, 52 young (53248K), 7 survivors (7168K)
 Metaspace       used 83071K, committed 83648K, reserved 1179648K
  class space    used 11367K, committed 11648K, reserved 1048576K
}
Event: 11.803 GC heap after
{Heap after GC invocations=32 (full 0):
 garbage-first heap   total 133120K, used 61607K [0x000000008ca00000, 0x0000000100000000)
  region size 1024K, 6 young (6144K), 6 survivors (6144K)
 Metaspace       used 83071K, committed 83648K, reserved 1179648K
  class space    used 11367K, committed 11648K, reserved 1048576K
}
Event: 11.850 GC heap before
{Heap before GC invocations=32 (full 0):
 garbage-first heap   total 133120K, used 106663K [0x000000008ca00000, 0x0000000100000000)
  region size 1024K, 49 young (50176K), 6 survivors (6144K)
 Metaspace       used 83071K, committed 83648K, reserved 1179648K
  class space    used 11367K, committed 11648K, reserved 1048576K
}
Event: 11.859 GC heap after
{Heap after GC invocations=33 (full 0):
 garbage-first heap   total 189440K, used 76597K [0x000000008ca00000, 0x0000000100000000)
  region size 1024K, 7 young (7168K), 7 survivors (7168K)
 Metaspace       used 83071K, committed 83648K, reserved 1179648K
  class space    used 11367K, committed 11648K, reserved 1048576K
}
Event: 11.937 GC heap before
{Heap before GC invocations=33 (full 0):
 garbage-first heap   total 189440K, used 138037K [0x000000008ca00000, 0x0000000100000000)
  region size 1024K, 67 young (68608K), 7 survivors (7168K)
 Metaspace       used 83074K, committed 83648K, reserved 1179648K
  class space    used 11367K, committed 11648K, reserved 1048576K
}
Event: 11.943 GC heap after
{Heap after GC invocations=34 (full 0):
 garbage-first heap   total 189440K, used 84627K [0x000000008ca00000, 0x0000000100000000)
  region size 1024K, 8 young (8192K), 8 survivors (8192K)
 Metaspace       used 83074K, committed 83648K, reserved 1179648K
  class space    used 11367K, committed 11648K, reserved 1048576K
}
Event: 12.013 GC heap before
{Heap before GC invocations=34 (full 0):
 garbage-first heap   total 189440K, used 144019K [0x000000008ca00000, 0x0000000100000000)
  region size 1024K, 65 young (66560K), 8 survivors (8192K)
 Metaspace       used 83074K, committed 83648K, reserved 1179648K
  class space    used 11367K, committed 11648K, reserved 1048576K
}
Event: 12.025 GC heap after
{Heap after GC invocations=35 (full 0):
 garbage-first heap   total 189440K, used 104448K [0x000000008ca00000, 0x0000000100000000)
  region size 1024K, 9 young (9216K), 9 survivors (9216K)
 Metaspace       used 83074K, committed 83648K, reserved 1179648K
  class space    used 11367K, committed 11648K, reserved 1048576K
}
Event: 12.051 GC heap before
{Heap before GC invocations=35 (full 0):
 garbage-first heap   total 189440K, used 126976K [0x000000008ca00000, 0x0000000100000000)
  region size 1024K, 32 young (32768K), 9 survivors (9216K)
 Metaspace       used 83074K, committed 83648K, reserved 1179648K
  class space    used 11367K, committed 11648K, reserved 1048576K
}
Event: 12.060 GC heap after
{Heap after GC invocations=36 (full 0):
 garbage-first heap   total 189440K, used 115255K [0x000000008ca00000, 0x0000000100000000)
  region size 1024K, 6 young (6144K), 6 survivors (6144K)
 Metaspace       used 83074K, committed 83648K, reserved 1179648K
  class space    used 11367K, committed 11648K, reserved 1048576K
}
Event: 12.133 GC heap before
{Heap before GC invocations=37 (full 0):
 garbage-first heap   total 215040K, used 134711K [0x000000008ca00000, 0x0000000100000000)
  region size 1024K, 34 young (34816K), 6 survivors (6144K)
 Metaspace       used 83068K, committed 83648K, reserved 1179648K
  class space    used 11366K, committed 11648K, reserved 1048576K
}

