# JRE version: Java(TM) SE Runtime Environment (17.0.13+10) (build 17.0.13+10-LTS-268)
# Java VM: Java HotSpot(TM) 64-Bit Server VM (17.0.13+10-LTS-268, mixed mode, sharing, tiered, compressed oops, compressed class ptrs, g1 gc, windows-amd64)
GC Precious Log:
 CPUs: 12 total, 12 available
 Memory: 5996M
 Large Page Support: Disabled
 NUMA Support: Disabled
 Compressed Oops: Enabled (32-bit)
 Heap Region Size: 1M
 Heap Min Capacity: 8M
 Heap Initial Capacity: 94M
 Heap Max Capacity: 1500M
 Pre-touch: Disabled
 Parallel Workers: 10
 Concurrent Workers: 3
 Concurrent Refinement Workers: 10
 Periodic GC: Disabled
Heap:
 garbage-first heap   total 58368K, used 37388K [0x00000000a2400000, 0x0000000100000000)
  region size 1024K, 13 young (13312K), 3 survivors (3072K)
 Metaspace       used 65064K, committed 65664K, reserved 1114112K
  class space    used 8866K, committed 9152K, reserved 1048576K
GC Heap History (20 events):
Event: 4.287 GC heap before
{Heap before GC invocations=3 (full 0):
 garbage-first heap   total 96256K, used 17813K [0x00000000a2400000, 0x0000000100000000)
  region size 1024K, 11 young (11264K), 7 survivors (7168K)
 Metaspace       used 21228K, committed 21504K, reserved 1114112K
  class space    used 2644K, committed 2752K, reserved 1048576K
}
Event: 4.294 GC heap after
{Heap after GC invocations=4 (full 0):
 garbage-first heap   total 96256K, used 15654K [0x00000000a2400000, 0x0000000100000000)
  region size 1024K, 1 young (1024K), 1 survivors (1024K)
 Metaspace       used 21228K, committed 21504K, reserved 1114112K
  class space    used 2644K, committed 2752K, reserved 1048576K
}
Event: 5.822 GC heap before
{Heap before GC invocations=5 (full 0):
 garbage-first heap   total 58368K, used 48422K [0x00000000a2400000, 0x0000000100000000)
  region size 1024K, 34 young (34816K), 1 survivors (1024K)
 Metaspace       used 26665K, committed 27008K, reserved 1114112K
  class space    used 3407K, committed 3584K, reserved 1048576K
}
Event: 5.828 GC heap after
{Heap after GC invocations=6 (full 0):
 garbage-first heap   total 58368K, used 17804K [0x00000000a2400000, 0x0000000100000000)
  region size 1024K, 4 young (4096K), 4 survivors (4096K)
 Metaspace       used 26665K, committed 27008K, reserved 1114112K
  class space    used 3407K, committed 3584K, reserved 1048576K
}
Event: 6.955 GC heap before
{Heap before GC invocations=6 (full 0):
 garbage-first heap   total 58368K, used 41356K [0x00000000a2400000, 0x0000000100000000)
  region size 1024K, 27 young (27648K), 4 survivors (4096K)
 Metaspace       used 31224K, committed 31616K, reserved 1114112K
  class space    used 4031K, committed 4224K, reserved 1048576K
}
Event: 6.962 GC heap after
{Heap after GC invocations=7 (full 0):
 garbage-first heap   total 58368K, used 19921K [0x00000000a2400000, 0x0000000100000000)
  region size 1024K, 3 young (3072K), 3 survivors (3072K)
 Metaspace       used 31224K, committed 31616K, reserved 1114112K
  class space    used 4031K, committed 4224K, reserved 1048576K
}
Event: 7.845 GC heap before
{Heap before GC invocations=7 (full 0):
 garbage-first heap   total 58368K, used 40401K [0x00000000a2400000, 0x0000000100000000)
  region size 1024K, 24 young (24576K), 3 survivors (3072K)
 Metaspace       used 35540K, committed 35968K, reserved 1114112K
  class space    used 4635K, committed 4864K, reserved 1048576K
}
Event: 7.851 GC heap after
{Heap after GC invocations=8 (full 0):
 garbage-first heap   total 58368K, used 21507K [0x00000000a2400000, 0x0000000100000000)
  region size 1024K, 2 young (2048K), 2 survivors (2048K)
 Metaspace       used 35540K, committed 35968K, reserved 1114112K
  class space    used 4635K, committed 4864K, reserved 1048576K
}
Event: 9.175 GC heap before
{Heap before GC invocations=9 (full 0):
 garbage-first heap   total 58368K, used 43011K [0x00000000a2400000, 0x0000000100000000)
  region size 1024K, 23 young (23552K), 2 survivors (2048K)
 Metaspace       used 40727K, committed 41216K, reserved 1114112K
  class space    used 5430K, committed 5696K, reserved 1048576K
}
Event: 9.179 GC heap after
{Heap after GC invocations=10 (full 0):
 garbage-first heap   total 58368K, used 22917K [0x00000000a2400000, 0x0000000100000000)
  region size 1024K, 3 young (3072K), 3 survivors (3072K)
 Metaspace       used 40727K, committed 41216K, reserved 1114112K
  class space    used 5430K, committed 5696K, reserved 1048576K
}
Event: 10.447 GC heap before
{Heap before GC invocations=10 (full 0):
 garbage-first heap   total 58368K, used 42373K [0x00000000a2400000, 0x0000000100000000)
  region size 1024K, 23 young (23552K), 3 survivors (3072K)
 Metaspace       used 48983K, committed 49472K, reserved 1114112K
  class space    used 6481K, committed 6720K, reserved 1048576K
}
Event: 10.452 GC heap after
{Heap after GC invocations=11 (full 0):
 garbage-first heap   total 58368K, used 24866K [0x00000000a2400000, 0x0000000100000000)
  region size 1024K, 3 young (3072K), 3 survivors (3072K)
 Metaspace       used 48983K, committed 49472K, reserved 1114112K
  class space    used 6481K, committed 6720K, reserved 1048576K
}
Event: 11.067 GC heap before
{Heap before GC invocations=11 (full 0):
 garbage-first heap   total 58368K, used 44322K [0x00000000a2400000, 0x0000000100000000)
  region size 1024K, 23 young (23552K), 3 survivors (3072K)
 Metaspace       used 53917K, committed 54464K, reserved 1114112K
  class space    used 7110K, committed 7360K, reserved 1048576K
}
Event: 11.070 GC heap after
{Heap after GC invocations=12 (full 0):
 garbage-first heap   total 58368K, used 26240K [0x00000000a2400000, 0x0000000100000000)
  region size 1024K, 2 young (2048K), 2 survivors (2048K)
 Metaspace       used 53917K, committed 54464K, reserved 1114112K
  class space    used 7110K, committed 7360K, reserved 1048576K
}
Event: 11.466 GC heap before
{Heap before GC invocations=12 (full 0):
 garbage-first heap   total 58368K, used 45696K [0x00000000a2400000, 0x0000000100000000)
  region size 1024K, 21 young (21504K), 2 survivors (2048K)
 Metaspace       used 59017K, committed 59584K, reserved 1114112K
  class space    used 7972K, committed 8256K, reserved 1048576K
}
Event: 11.468 GC heap after
{Heap after GC invocations=13 (full 0):
 garbage-first heap   total 58368K, used 26665K [0x00000000a2400000, 0x0000000100000000)
  region size 1024K, 2 young (2048K), 2 survivors (2048K)
 Metaspace       used 59017K, committed 59584K, reserved 1114112K
  class space    used 7972K, committed 8256K, reserved 1048576K
}
Event: 11.512 GC heap before
{Heap before GC invocations=13 (full 0):
 garbage-first heap   total 58368K, used 28713K [0x00000000a2400000, 0x0000000100000000)
  region size 1024K, 5 young (5120K), 2 survivors (2048K)
 Metaspace       used 59676K, committed 60160K, reserved 1114112K
  class space    used 8063K, committed 8320K, reserved 1048576K
}
Event: 11.514 GC heap after
{Heap after GC invocations=14 (full 0):
 garbage-first heap   total 58368K, used 26982K [0x00000000a2400000, 0x0000000100000000)
  region size 1024K, 2 young (2048K), 2 survivors (2048K)
 Metaspace       used 59676K, committed 60160K, reserved 1114112K
  class space    used 8063K, committed 8320K, reserved 1048576K
}
Event: 12.108 GC heap before
{Heap before GC invocations=15 (full 0):
 garbage-first heap   total 58368K, used 45414K [0x00000000a2400000, 0x0000000100000000)
  region size 1024K, 20 young (20480K), 2 survivors (2048K)
 Metaspace       used 63089K, committed 63616K, reserved 1114112K
  class space    used 8588K, committed 8832K, reserved 1048576K
}
Event: 12.110 GC heap after
{Heap after GC invocations=16 (full 0):
 garbage-first heap   total 58368K, used 28172K [0x00000000a2400000, 0x0000000100000000)
  region size 1024K, 3 young (3072K), 3 survivors (3072K)
 Metaspace       used 63089K, committed 63616K, reserved 1114112K
  class space    used 8588K, committed 8832K, reserved 1048576K
}

