# JRE version: OpenJDK Runtime Environment Microsoft-11926163 (17.0.16+8) (build 17.0.16+8-LTS)
# Java VM: OpenJDK 64-Bit Server VM Microsoft-11926163 (17.0.16+8-LTS, mixed mode, sharing, tiered, compressed oops, compressed class ptrs, g1 gc, windows-amd64)
GC Precious Log:
 CPUs: 12 total, 12 available
 Memory: 7379M
 Large Page Support: Disabled
 NUMA Support: Disabled
 Compressed Oops: Enabled (32-bit)
 Heap Region Size: 1M
 Heap Min Capacity: 8M
 Heap Initial Capacity: 116M
 Heap Max Capacity: 1846M
 Pre-touch: Disabled
 Parallel Workers: 10
 Concurrent Workers: 3
 Concurrent Refinement Workers: 10
 Periodic GC: Disabled
Heap:
 garbage-first heap   total 198656K, used 112929K [0x000000008ca00000, 0x0000000100000000)
  region size 1024K, 58 young (59392K), 0 survivors (0K)
 Metaspace       used 109257K, committed 110016K, reserved 1179648K
  class space    used 14276K, committed 14656K, reserved 1048576K
GC Heap History (20 events):
Event: 22.294 GC heap before
{Heap before GC invocations=37 (full 0):
 garbage-first heap   total 229376K, used 177691K [0x000000008ca00000, 0x0000000100000000)
  region size 1024K, 99 young (101376K), 2 survivors (2048K)
 Metaspace       used 80653K, committed 81280K, reserved 1179648K
  class space    used 11155K, committed 11456K, reserved 1048576K
}
Event: 22.315 GC heap after
{Heap after GC invocations=38 (full 0):
 garbage-first heap   total 229376K, used 98304K [0x000000008ca00000, 0x0000000100000000)
  region size 1024K, 13 young (13312K), 13 survivors (13312K)
 Metaspace       used 80653K, committed 81280K, reserved 1179648K
  class space    used 11155K, committed 11456K, reserved 1048576K
}
Event: 22.549 GC heap before
{Heap before GC invocations=38 (full 0):
 garbage-first heap   total 229376K, used 177152K [0x000000008ca00000, 0x0000000100000000)
  region size 1024K, 87 young (89088K), 13 survivors (13312K)
 Metaspace       used 80653K, committed 81280K, reserved 1179648K
  class space    used 11155K, committed 11456K, reserved 1048576K
}
Event: 22.591 GC heap after
{Heap after GC invocations=39 (full 0):
 garbage-first heap   total 229376K, used 129576K [0x000000008ca00000, 0x0000000100000000)
  region size 1024K, 11 young (11264K), 11 survivors (11264K)
 Metaspace       used 80653K, committed 81280K, reserved 1179648K
  class space    used 11155K, committed 11456K, reserved 1048576K
}
Event: 23.207 GC heap before
{Heap before GC invocations=39 (full 0):
 garbage-first heap   total 229376K, used 171560K [0x000000008ca00000, 0x0000000100000000)
  region size 1024K, 52 young (53248K), 11 survivors (11264K)
 Metaspace       used 81067K, committed 81664K, reserved 1179648K
  class space    used 11185K, committed 11456K, reserved 1048576K
}
Event: 23.234 GC heap after
{Heap after GC invocations=40 (full 0):
 garbage-first heap   total 636928K, used 134275K [0x000000008ca00000, 0x0000000100000000)
  region size 1024K, 3 young (3072K), 3 survivors (3072K)
 Metaspace       used 81067K, committed 81664K, reserved 1179648K
  class space    used 11185K, committed 11456K, reserved 1048576K
}
Event: 298.249 GC heap before
{Heap before GC invocations=41 (full 0):
 garbage-first heap   total 485376K, used 406659K [0x000000008ca00000, 0x0000000100000000)
  region size 1024K, 283 young (289792K), 3 survivors (3072K)
 Metaspace       used 104956K, committed 105856K, reserved 1179648K
  class space    used 14160K, committed 14592K, reserved 1048576K
}
Event: 298.295 GC heap after
{Heap after GC invocations=42 (full 0):
 garbage-first heap   total 485376K, used 133685K [0x000000008ca00000, 0x0000000100000000)
  region size 1024K, 17 young (17408K), 17 survivors (17408K)
 Metaspace       used 104956K, committed 105856K, reserved 1179648K
  class space    used 14160K, committed 14592K, reserved 1048576K
}
Event: 331.731 GC heap before
{Heap before GC invocations=42 (full 0):
 garbage-first heap   total 485376K, used 139829K [0x000000008ca00000, 0x0000000100000000)
  region size 1024K, 23 young (23552K), 17 survivors (17408K)
 Metaspace       used 104957K, committed 105856K, reserved 1179648K
  class space    used 14160K, committed 14592K, reserved 1048576K
}
Event: 331.762 GC heap after
{Heap after GC invocations=43 (full 0):
 garbage-first heap   total 485376K, used 131415K [0x000000008ca00000, 0x0000000100000000)
  region size 1024K, 2 young (2048K), 2 survivors (2048K)
 Metaspace       used 104957K, committed 105856K, reserved 1179648K
  class space    used 14160K, committed 14592K, reserved 1048576K
}
Event: 1304.655 GC heap before
{Heap before GC invocations=43 (full 0):
 garbage-first heap   total 485376K, used 352599K [0x000000008ca00000, 0x0000000100000000)
  region size 1024K, 218 young (223232K), 2 survivors (2048K)
 Metaspace       used 106949K, committed 107840K, reserved 1179648K
  class space    used 14232K, committed 14656K, reserved 1048576K
}
Event: 1304.685 GC heap after
{Heap after GC invocations=44 (full 0):
 garbage-first heap   total 485376K, used 131514K [0x000000008ca00000, 0x0000000100000000)
  region size 1024K, 3 young (3072K), 3 survivors (3072K)
 Metaspace       used 106949K, committed 107840K, reserved 1179648K
  class space    used 14232K, committed 14656K, reserved 1048576K
}
Event: 2126.193 GC heap before
{Heap before GC invocations=44 (full 0):
 garbage-first heap   total 485376K, used 369082K [0x000000008ca00000, 0x0000000100000000)
  region size 1024K, 235 young (240640K), 3 survivors (3072K)
 Metaspace       used 108283K, committed 109120K, reserved 1179648K
  class space    used 14250K, committed 14656K, reserved 1048576K
}
Event: 2126.329 GC heap after
{Heap after GC invocations=45 (full 0):
 garbage-first heap   total 485376K, used 135442K [0x000000008ca00000, 0x0000000100000000)
  region size 1024K, 6 young (6144K), 6 survivors (6144K)
 Metaspace       used 108283K, committed 109120K, reserved 1179648K
  class space    used 14250K, committed 14656K, reserved 1048576K
}
Event: 2368.544 GC heap before
{Heap before GC invocations=46 (full 0):
 garbage-first heap   total 368640K, used 161042K [0x000000008ca00000, 0x0000000100000000)
  region size 1024K, 59 young (60416K), 6 survivors (6144K)
 Metaspace       used 108052K, committed 109248K, reserved 1179648K
  class space    used 14171K, committed 14656K, reserved 1048576K
}
Event: 2368.564 GC heap after
{Heap after GC invocations=47 (full 0):
 garbage-first heap   total 368640K, used 106650K [0x000000008ca00000, 0x0000000100000000)
  region size 1024K, 2 young (2048K), 2 survivors (2048K)
 Metaspace       used 108052K, committed 109248K, reserved 1179648K
  class space    used 14171K, committed 14656K, reserved 1048576K
}
Event: 2461.241 GC heap before
{Heap before GC invocations=47 (full 0):
 garbage-first heap   total 368640K, used 123034K [0x000000008ca00000, 0x0000000100000000)
  region size 1024K, 18 young (18432K), 2 survivors (2048K)
 Metaspace       used 108053K, committed 109248K, reserved 1179648K
  class space    used 14171K, committed 14656K, reserved 1048576K
}
Event: 2461.249 GC heap after
{Heap after GC invocations=48 (full 0):
 garbage-first heap   total 368640K, used 80695K [0x000000008ca00000, 0x0000000100000000)
  region size 1024K, 1 young (1024K), 1 survivors (1024K)
 Metaspace       used 108053K, committed 109248K, reserved 1179648K
  class space    used 14171K, committed 14656K, reserved 1048576K
}
Event: 2946.092 GC heap before
{Heap before GC invocations=48 (full 0):
 garbage-first heap   total 368640K, used 171831K [0x000000008ca00000, 0x0000000100000000)
  region size 1024K, 91 young (93184K), 1 survivors (1024K)
 Metaspace       used 108212K, committed 109248K, reserved 1179648K
  class space    used 14203K, committed 14656K, reserved 1048576K
}
Event: 2947.946 GC heap after
{Heap after GC invocations=49 (full 1):
 garbage-first heap   total 198656K, used 55585K [0x000000008ca00000, 0x0000000100000000)
  region size 1024K, 0 young (0K), 0 survivors (0K)
 Metaspace       used 108167K, committed 109248K, reserved 1179648K
  class space    used 14195K, committed 14656K, reserved 1048576K
}

